# JRE version: Java(TM) SE Runtime Environment (11.0.2+9) (build 11.0.2+9-LTS)
# Java VM: Java HotSpot(TM) 64-Bit Server VM (11.0.2+9-LTS, mixed mode, tiered, compressed oops, g1 gc, linux-amd64)
Heap:
 garbage-first heap   total 171008K, used 35761K [0x00000000a4600000, 0x0000000100000000)
  region size 1024K, 10 young (10240K), 9 survivors (9216K)
 Metaspace       used 61918K, capacity 63588K, committed 63952K, reserved 1103872K
  class space    used 8117K, capacity 8772K, committed 8832K, reserved 1048576K
GC Heap History (10 events):
Event: 8.160 GC heap before
{Heap before GC invocations=9 (full 0):
 garbage-first heap   total 137216K, used 88027K [0x00000000a4600000, 0x0000000100000000)
  region size 1024K, 80 young (81920K), 9 survivors (9216K)
 Metaspace       used 38117K, capacity 39091K, committed 39248K, reserved 1083392K
  class space    used 4702K, capacity 5087K, committed 5120K, reserved 1048576K
}
Event: 8.191 GC heap after
{Heap after GC invocations=10 (full 0):
 garbage-first heap   total 137216K, used 18797K [0x00000000a4600000, 0x0000000100000000)
  region size 1024K, 8 young (8192K), 8 survivors (8192K)
 Metaspace       used 38117K, capacity 39091K, committed 39248K, reserved 1083392K
  class space    used 4702K, capacity 5087K, committed 5120K, reserved 1048576K
}
Event: 9.293 GC heap before
{Heap before GC invocations=10 (full 0):
 garbage-first heap   total 137216K, used 92525K [0x00000000a4600000, 0x0000000100000000)
  region size 1024K, 80 young (81920K), 8 survivors (8192K)
 Metaspace       used 45395K, capacity 46570K, committed 46800K, reserved 1089536K
  class space    used 5789K, capacity 6235K, committed 6272K, reserved 1048576K
}
Event: 9.329 GC heap after
{Heap after GC invocations=11 (full 0):
 garbage-first heap   total 171008K, used 22204K [0x00000000a4600000, 0x0000000100000000)
  region size 1024K, 7 young (7168K), 7 survivors (7168K)
 Metaspace       used 45395K, capacity 46570K, committed 46800K, reserved 1089536K
  class space    used 5789K, capacity 6235K, committed 6272K, reserved 1048576K
}
Event: 11.667 GC heap before
{Heap before GC invocations=11 (full 0):
 garbage-first heap   total 171008K, used 114364K [0x00000000a4600000, 0x0000000100000000)
  region size 1024K, 98 young (100352K), 7 survivors (7168K)
 Metaspace       used 56391K, capacity 57888K, committed 58192K, reserved 1099776K
  class space    used 7242K, capacity 7815K, committed 7936K, reserved 1048576K
}
Event: 11.692 GC heap after
{Heap after GC invocations=12 (full 0):
 garbage-first heap   total 171008K, used 27648K [0x00000000a4600000, 0x0000000100000000)
  region size 1024K, 12 young (12288K), 12 survivors (12288K)
 Metaspace       used 56391K, capacity 57888K, committed 58192K, reserved 1099776K
  class space    used 7242K, capacity 7815K, committed 7936K, reserved 1048576K
}
Event: 12.742 GC heap before
{Heap before GC invocations=12 (full 0):
 garbage-first heap   total 171008K, used 86016K [0x00000000a4600000, 0x0000000100000000)
  region size 1024K, 70 young (71680K), 12 survivors (12288K)
 Metaspace       used 58317K, capacity 59839K, committed 59984K, reserved 1101824K
  class space    used 7528K, capacity 8117K, committed 8192K, reserved 1048576K
}
Event: 12.788 GC heap after
{Heap after GC invocations=13 (full 0):
 garbage-first heap   total 171008K, used 31794K [0x00000000a4600000, 0x0000000100000000)
  region size 1024K, 10 young (10240K), 10 survivors (10240K)
 Metaspace       used 58317K, capacity 59839K, committed 59984K, reserved 1101824K
  class space    used 7528K, capacity 8117K, committed 8192K, reserved 1048576K
}
Event: 15971.306 GC heap before
{Heap before GC invocations=14 (full 0):
 garbage-first heap   total 171008K, used 118834K [0x00000000a4600000, 0x0000000100000000)
  region size 1024K, 95 young (97280K), 10 survivors (10240K)
 Metaspace       used 61918K, capacity 63588K, committed 63952K, reserved 1103872K
  class space    used 8117K, capacity 8772K, committed 8832K, reserved 1048576K
}
Event: 15971.662 GC heap after
{Heap after GC invocations=15 (full 0):
 garbage-first heap   total 171008K, used 35761K [0x00000000a4600000, 0x0000000100000000)
  region size 1024K, 9 young (9216K), 9 survivors (9216K)
 Metaspace       used 61918K, capacity 63588K, committed 63952K, reserved 1103872K
  class space    used 8117K, capacity 8772K, committed 8832K, reserved 1048576K
}

